[18-Jan-2025 20:19:23 UTC] Automatic updates starting...
[18-Jan-2025 20:19:23 UTC] Automatic updates complete.
[18-Jan-2025 20:26:38 UTC] PHP Parse error:  syntax error, unexpected end of file, expecting identifier in /opt/lampp/htdocs/wordpress/wp-content/plugins/groups-egt/groups-egt.php on line 23
[18-Jan-2025 20:28:39 UTC] PHP Parse error:  syntax error, unexpected end of file, expecting identifier in /opt/lampp/htdocs/wordpress/wp-content/plugins/groups-egt/groups-egt.php on line 23
[18-Jan-2025 20:30:40 UTC] PHP Fatal error:  Uncaught TypeError: call_user_func_array(): Argument #1 ($callback) must be a valid callback, function "groupsEgt_register_group_post_type" not found or invalid function name in /opt/lampp/htdocs/wordpress/wp-includes/class-wp-hook.php:324
Stack trace:
#0 /opt/lampp/htdocs/wordpress/wp-includes/class-wp-hook.php(348): WP_Hook->apply_filters(NULL, Array)
#1 /opt/lampp/htdocs/wordpress/wp-includes/plugin.php(517): WP_Hook->do_action(Array)
#2 /opt/lampp/htdocs/wordpress/wp-settings.php(704): do_action('init')
#3 /opt/lampp/htdocs/wordpress/wp-config.php(105): require_once('/opt/lampp/htdo...')
#4 /opt/lampp/htdocs/wordpress/wp-load.php(50): require_once('/opt/lampp/htdo...')
#5 /opt/lampp/htdocs/wordpress/wp-admin/admin-ajax.php(22): require_once('/opt/lampp/htdo...')
#6 {main}
  thrown in /opt/lampp/htdocs/wordpress/wp-includes/class-wp-hook.php on line 324
[18-Jan-2025 20:32:41 UTC] PHP Fatal error:  Uncaught TypeError: call_user_func_array(): Argument #1 ($callback) must be a valid callback, function "groupsEgt_register_group_taxonomy" not found or invalid function name in /opt/lampp/htdocs/wordpress/wp-includes/class-wp-hook.php:324
Stack trace:
#0 /opt/lampp/htdocs/wordpress/wp-includes/class-wp-hook.php(348): WP_Hook->apply_filters(NULL, Array)
#1 /opt/lampp/htdocs/wordpress/wp-includes/plugin.php(517): WP_Hook->do_action(Array)
#2 /opt/lampp/htdocs/wordpress/wp-settings.php(704): do_action('init')
#3 /opt/lampp/htdocs/wordpress/wp-config.php(105): require_once('/opt/lampp/htdo...')
#4 /opt/lampp/htdocs/wordpress/wp-load.php(50): require_once('/opt/lampp/htdo...')
#5 /opt/lampp/htdocs/wordpress/wp-admin/admin-ajax.php(22): require_once('/opt/lampp/htdo...')
#6 {main}
  thrown in /opt/lampp/htdocs/wordpress/wp-includes/class-wp-hook.php on line 324
